16/12/2021 21:09:39 Adding job tentatively -- it will be properly scheduled when the scheduler starts
16/12/2021 21:09:39 Added job "timer_tick" to job store "default"
16/12/2021 21:09:39 Scheduler started
16/12/2021 21:09:39 Looking for jobs to run
16/12/2021 21:09:39 Next wakeup is due at 2021-12-16 21:09:42.730671+03:00 (in 2.999324 seconds)
16/12/2021 21:09:42 Looking for jobs to run
16/12/2021 21:09:42 Running job "timer_tick (trigger: interval[0:00:03], next run at: 2021-12-16 21:09:42 MSK)" (scheduled at 2021-12-16 21:09:42.730671+03:00)
16/12/2021 21:09:42 Next wakeup is due at 2021-12-16 21:09:45.730671+03:00 (in 2.993599 seconds)
16/12/2021 21:09:42 check_all
16/12/2021 21:09:42 Starting new HTTP connection (1): 167.172.164.135:8999
16/12/2021 21:09:42 http://167.172.164.135:8999 "GET /probe HTTP/1.1" 200 53
16/12/2021 21:09:42 Job "timer_tick (trigger: interval[0:00:03], next run at: 2021-12-16 21:09:45 MSK)" executed successfully
16/12/2021 21:09:45 Looking for jobs to run
16/12/2021 21:09:45 Next wakeup is due at 2021-12-16 21:09:48.730671+03:00 (in 2.987184 seconds)
16/12/2021 21:09:45 Running job "timer_tick (trigger: interval[0:00:03], next run at: 2021-12-16 21:09:48 MSK)" (scheduled at 2021-12-16 21:09:45.730671+03:00)
16/12/2021 21:09:45 check_all
16/12/2021 21:09:45 Starting new HTTP connection (1): 167.172.164.135:8999
16/12/2021 21:09:45 http://167.172.164.135:8999 "GET /probe HTTP/1.1" 200 53
16/12/2021 21:09:45 Job "timer_tick (trigger: interval[0:00:03], next run at: 2021-12-16 21:09:48 MSK)" executed successfully
16/12/2021 21:09:48 Looking for jobs to run
16/12/2021 21:09:48 Next wakeup is due at 2021-12-16 21:09:51.730671+03:00 (in 2.996574 seconds)
16/12/2021 21:09:48 Running job "timer_tick (trigger: interval[0:00:03], next run at: 2021-12-16 21:09:51 MSK)" (scheduled at 2021-12-16 21:09:48.730671+03:00)
16/12/2021 21:09:48 check_all
16/12/2021 21:09:48 Starting new HTTP connection (1): 167.172.164.135:8999
16/12/2021 21:09:48 http://167.172.164.135:8999 "GET /probe HTTP/1.1" 200 53
16/12/2021 21:09:48 Job "timer_tick (trigger: interval[0:00:03], next run at: 2021-12-16 21:09:51 MSK)" executed successfully
16/12/2021 21:09:51 Looking for jobs to run
16/12/2021 21:09:51 Next wakeup is due at 2021-12-16 21:09:54.730671+03:00 (in 2.993384 seconds)
16/12/2021 21:09:51 Running job "timer_tick (trigger: interval[0:00:03], next run at: 2021-12-16 21:09:54 MSK)" (scheduled at 2021-12-16 21:09:51.730671+03:00)
16/12/2021 21:09:51 check_all
16/12/2021 21:09:51 Starting new HTTP connection (1): 167.172.164.135:8999
16/12/2021 21:09:51 http://167.172.164.135:8999 "GET /probe HTTP/1.1" 200 53
16/12/2021 21:09:51 Job "timer_tick (trigger: interval[0:00:03], next run at: 2021-12-16 21:09:54 MSK)" executed successfully
16/12/2021 23:52:58 Adding job tentatively -- it will be properly scheduled when the scheduler starts
16/12/2021 23:52:58 Added job "timer_tick" to job store "default"
16/12/2021 23:52:58 Scheduler started
16/12/2021 23:52:58 Looking for jobs to run
16/12/2021 23:52:58 Next wakeup is due at 2021-12-16 23:55:58.031531+03:00 (in 179.999222 seconds)
16/12/2021 23:53:15 Adding job tentatively -- it will be properly scheduled when the scheduler starts
16/12/2021 23:53:15 Added job "timer_tick" to job store "default"
16/12/2021 23:53:15 Scheduler started
16/12/2021 23:53:15 Looking for jobs to run
16/12/2021 23:53:15 Next wakeup is due at 2021-12-16 23:53:25.076867+03:00 (in 9.999337 seconds)
16/12/2021 23:53:25 Looking for jobs to run
16/12/2021 23:53:25 Running job "timer_tick (trigger: interval[0:00:10], next run at: 2021-12-16 23:53:25 MSK)" (scheduled at 2021-12-16 23:53:25.076867+03:00)
16/12/2021 23:53:25 Next wakeup is due at 2021-12-16 23:53:35.076867+03:00 (in 9.994152 seconds)
16/12/2021 23:53:25 check_all
16/12/2021 23:53:25 Starting new HTTP connection (1): 167.172.164.135:8999
16/12/2021 23:53:25 Job "timer_tick (trigger: interval[0:00:10], next run at: 2021-12-16 23:53:35 MSK)" executed successfully
16/12/2021 23:53:35 Looking for jobs to run
16/12/2021 23:53:35 Next wakeup is due at 2021-12-16 23:53:45.076867+03:00 (in 9.992642 seconds)
16/12/2021 23:53:35 Running job "timer_tick (trigger: interval[0:00:10], next run at: 2021-12-16 23:53:45 MSK)" (scheduled at 2021-12-16 23:53:35.076867+03:00)
16/12/2021 23:53:35 check_all
16/12/2021 23:53:35 Starting new HTTP connection (1): 167.172.164.135:8999
16/12/2021 23:53:35 Job "timer_tick (trigger: interval[0:00:10], next run at: 2021-12-16 23:53:45 MSK)" executed successfully
16/12/2021 23:53:45 Looking for jobs to run
16/12/2021 23:53:45 Next wakeup is due at 2021-12-16 23:53:55.076867+03:00 (in 9.993578 seconds)
16/12/2021 23:53:45 Running job "timer_tick (trigger: interval[0:00:10], next run at: 2021-12-16 23:53:55 MSK)" (scheduled at 2021-12-16 23:53:45.076867+03:00)
16/12/2021 23:53:45 check_all
16/12/2021 23:53:45 Starting new HTTP connection (1): 167.172.164.135:8999
16/12/2021 23:53:45 Job "timer_tick (trigger: interval[0:00:10], next run at: 2021-12-16 23:53:55 MSK)" executed successfully
16/12/2021 23:54:37 Adding job tentatively -- it will be properly scheduled when the scheduler starts
16/12/2021 23:54:37 Added job "timer_tick" to job store "default"
16/12/2021 23:54:37 Scheduler started
16/12/2021 23:54:47 Running job "timer_tick (trigger: interval[0:00:10], next run at: 2021-12-16 23:54:47 MSK)" (scheduled at 2021-12-16 23:54:47.355393+03:00)
16/12/2021 23:54:47 check_all
16/12/2021 23:54:47 Job "timer_tick (trigger: interval[0:00:10], next run at: 2021-12-16 23:54:57 MSK)" executed successfully
16/12/2021 23:55:43 Adding job tentatively -- it will be properly scheduled when the scheduler starts
16/12/2021 23:55:43 Added job "timer_tick" to job store "default"
16/12/2021 23:55:43 Scheduler started
16/12/2021 23:55:48 Running job "timer_tick (trigger: interval[0:00:05], next run at: 2021-12-16 23:55:48 MSK)" (scheduled at 2021-12-16 23:55:48.524474+03:00)
16/12/2021 23:55:48 check_all
16/12/2021 23:55:48 Job "timer_tick (trigger: interval[0:00:05], next run at: 2021-12-16 23:55:53 MSK)" executed successfully
16/12/2021 23:55:53 Running job "timer_tick (trigger: interval[0:00:05], next run at: 2021-12-16 23:55:58 MSK)" (scheduled at 2021-12-16 23:55:53.524474+03:00)
16/12/2021 23:55:53 check_all
16/12/2021 23:55:53 Job "timer_tick (trigger: interval[0:00:05], next run at: 2021-12-16 23:55:58 MSK)" executed successfully
16/12/2021 23:55:58 Running job "timer_tick (trigger: interval[0:00:05], next run at: 2021-12-16 23:56:03 MSK)" (scheduled at 2021-12-16 23:55:58.524474+03:00)
16/12/2021 23:55:58 check_all
16/12/2021 23:55:58 Job "timer_tick (trigger: interval[0:00:05], next run at: 2021-12-16 23:56:03 MSK)" executed successfully
16/12/2021 23:56:35 Adding job tentatively -- it will be properly scheduled when the scheduler starts
16/12/2021 23:56:35 Added job "timer_tick" to job store "default"
16/12/2021 23:56:35 Scheduler started
16/12/2021 23:56:40 Running job "timer_tick (trigger: interval[0:00:05], next run at: 2021-12-16 23:56:40 MSK)" (scheduled at 2021-12-16 23:56:40.710166+03:00)
16/12/2021 23:56:40 check_all
16/12/2021 23:56:40 cannot probe
16/12/2021 23:56:40 Job "timer_tick (trigger: interval[0:00:05], next run at: 2021-12-16 23:56:45 MSK)" executed successfully
16/12/2021 23:56:45 Running job "timer_tick (trigger: interval[0:00:05], next run at: 2021-12-16 23:56:50 MSK)" (scheduled at 2021-12-16 23:56:45.710166+03:00)
16/12/2021 23:56:45 check_all
16/12/2021 23:56:45 cannot probe
16/12/2021 23:56:45 Job "timer_tick (trigger: interval[0:00:05], next run at: 2021-12-16 23:56:50 MSK)" executed successfully
16/12/2021 23:59:12 Adding job tentatively -- it will be properly scheduled when the scheduler starts
16/12/2021 23:59:12 Added job "timer_tick" to job store "default"
16/12/2021 23:59:12 Scheduler started
16/12/2021 23:59:17 Running job "timer_tick (trigger: interval[0:00:05], next run at: 2021-12-16 23:59:17 MSK)" (scheduled at 2021-12-16 23:59:17.112854+03:00)
16/12/2021 23:59:17 check_all
16/12/2021 23:59:17 cannot probe
16/12/2021 23:59:17 Job "timer_tick (trigger: interval[0:00:05], next run at: 2021-12-16 23:59:22 MSK)" executed successfully
16/12/2021 23:59:22 Running job "timer_tick (trigger: interval[0:00:05], next run at: 2021-12-16 23:59:27 MSK)" (scheduled at 2021-12-16 23:59:22.112854+03:00)
16/12/2021 23:59:22 check_all
16/12/2021 23:59:22 cannot probe
16/12/2021 23:59:22 Job "timer_tick (trigger: interval[0:00:05], next run at: 2021-12-16 23:59:27 MSK)" executed successfully
17/12/2021 00:00:50 Adding job tentatively -- it will be properly scheduled when the scheduler starts
17/12/2021 00:00:50 Added job "timer_tick" to job store "default"
17/12/2021 00:00:50 Scheduler started
17/12/2021 00:00:55 Running job "timer_tick (trigger: interval[0:00:05], next run at: 2021-12-17 00:00:55 MSK)" (scheduled at 2021-12-17 00:00:55.701846+03:00)
17/12/2021 00:00:55 check_all
17/12/2021 00:00:55 cannot probe
17/12/2021 00:00:55 invalid probe
17/12/2021 00:00:55 error happened
17/12/2021 00:00:57 Job "timer_tick (trigger: interval[0:00:05], next run at: 2021-12-17 00:01:00 MSK)" executed successfully
17/12/2021 00:01:00 Running job "timer_tick (trigger: interval[0:00:05], next run at: 2021-12-17 00:01:05 MSK)" (scheduled at 2021-12-17 00:01:00.701846+03:00)
17/12/2021 00:01:00 check_all
17/12/2021 00:01:00 paused
17/12/2021 00:01:00 Job "timer_tick (trigger: interval[0:00:05], next run at: 2021-12-17 00:01:05 MSK)" executed successfully
17/12/2021 00:01:22 Adding job tentatively -- it will be properly scheduled when the scheduler starts
17/12/2021 00:01:22 Added job "timer_tick" to job store "default"
17/12/2021 00:01:22 Scheduler started
17/12/2021 00:01:27 Running job "timer_tick (trigger: interval[0:00:05], next run at: 2021-12-17 00:01:27 MSK)" (scheduled at 2021-12-17 00:01:27.551982+03:00)
17/12/2021 00:01:27 check_all
17/12/2021 00:01:27 checks passed
17/12/2021 00:01:27 Job "timer_tick (trigger: interval[0:00:05], next run at: 2021-12-17 00:01:32 MSK)" executed successfully
17/12/2021 00:01:32 Running job "timer_tick (trigger: interval[0:00:05], next run at: 2021-12-17 00:01:37 MSK)" (scheduled at 2021-12-17 00:01:32.551982+03:00)
17/12/2021 00:01:32 check_all
17/12/2021 00:01:32 checks passed
17/12/2021 00:01:32 Job "timer_tick (trigger: interval[0:00:05], next run at: 2021-12-17 00:01:37 MSK)" executed successfully
17/12/2021 00:01:37 Running job "timer_tick (trigger: interval[0:00:05], next run at: 2021-12-17 00:01:42 MSK)" (scheduled at 2021-12-17 00:01:37.551982+03:00)
17/12/2021 00:01:37 check_all
17/12/2021 00:01:37 checks passed
17/12/2021 00:01:37 Job "timer_tick (trigger: interval[0:00:05], next run at: 2021-12-17 00:01:42 MSK)" executed successfully
17/12/2021 00:01:42 Running job "timer_tick (trigger: interval[0:00:05], next run at: 2021-12-17 00:01:47 MSK)" (scheduled at 2021-12-17 00:01:42.551982+03:00)
17/12/2021 00:01:42 check_all
17/12/2021 00:01:42 checks passed
17/12/2021 00:01:42 Job "timer_tick (trigger: interval[0:00:05], next run at: 2021-12-17 00:01:47 MSK)" executed successfully
17/12/2021 00:01:47 Running job "timer_tick (trigger: interval[0:00:05], next run at: 2021-12-17 00:01:52 MSK)" (scheduled at 2021-12-17 00:01:47.551982+03:00)
17/12/2021 00:01:47 check_all
17/12/2021 00:01:47 checks passed
17/12/2021 00:01:47 Job "timer_tick (trigger: interval[0:00:05], next run at: 2021-12-17 00:01:52 MSK)" executed successfully
17/12/2021 00:01:52 Running job "timer_tick (trigger: interval[0:00:05], next run at: 2021-12-17 00:01:57 MSK)" (scheduled at 2021-12-17 00:01:52.551982+03:00)
17/12/2021 00:01:52 check_all
17/12/2021 00:01:52 checks passed
17/12/2021 00:01:52 Job "timer_tick (trigger: interval[0:00:05], next run at: 2021-12-17 00:01:57 MSK)" executed successfully
17/12/2021 00:01:57 Running job "timer_tick (trigger: interval[0:00:05], next run at: 2021-12-17 00:02:02 MSK)" (scheduled at 2021-12-17 00:01:57.551982+03:00)
17/12/2021 00:01:57 check_all
17/12/2021 00:01:57 checks passed
17/12/2021 00:01:57 Job "timer_tick (trigger: interval[0:00:05], next run at: 2021-12-17 00:02:02 MSK)" executed successfully
17/12/2021 00:02:02 Running job "timer_tick (trigger: interval[0:00:05], next run at: 2021-12-17 00:02:07 MSK)" (scheduled at 2021-12-17 00:02:02.551982+03:00)
17/12/2021 00:02:02 check_all
17/12/2021 00:02:02 checks passed
17/12/2021 00:02:02 Job "timer_tick (trigger: interval[0:00:05], next run at: 2021-12-17 00:02:07 MSK)" executed successfully
17/12/2021 00:02:07 Running job "timer_tick (trigger: interval[0:00:05], next run at: 2021-12-17 00:02:12 MSK)" (scheduled at 2021-12-17 00:02:07.551982+03:00)
17/12/2021 00:02:07 check_all
17/12/2021 00:02:07 checks passed
17/12/2021 00:02:07 Job "timer_tick (trigger: interval[0:00:05], next run at: 2021-12-17 00:02:12 MSK)" executed successfully
17/12/2021 00:02:12 Running job "timer_tick (trigger: interval[0:00:05], next run at: 2021-12-17 00:02:17 MSK)" (scheduled at 2021-12-17 00:02:12.551982+03:00)
17/12/2021 00:02:12 check_all
17/12/2021 00:02:12 checks passed
17/12/2021 00:02:12 Job "timer_tick (trigger: interval[0:00:05], next run at: 2021-12-17 00:02:17 MSK)" executed successfully
17/12/2021 00:02:17 Running job "timer_tick (trigger: interval[0:00:05], next run at: 2021-12-17 00:02:22 MSK)" (scheduled at 2021-12-17 00:02:17.551982+03:00)
17/12/2021 00:02:17 check_all
17/12/2021 00:02:17 cannot probe
17/12/2021 00:02:17 invalid probe
17/12/2021 00:02:17 error happened
17/12/2021 00:02:17 Job "timer_tick (trigger: interval[0:00:05], next run at: 2021-12-17 00:02:22 MSK)" executed successfully
17/12/2021 00:02:22 Running job "timer_tick (trigger: interval[0:00:05], next run at: 2021-12-17 00:02:27 MSK)" (scheduled at 2021-12-17 00:02:22.551982+03:00)
17/12/2021 00:02:22 check_all
17/12/2021 00:02:22 paused
17/12/2021 00:02:22 Job "timer_tick (trigger: interval[0:00:05], next run at: 2021-12-17 00:02:27 MSK)" executed successfully
17/12/2021 00:02:27 Running job "timer_tick (trigger: interval[0:00:05], next run at: 2021-12-17 00:02:32 MSK)" (scheduled at 2021-12-17 00:02:27.551982+03:00)
17/12/2021 00:02:27 check_all
17/12/2021 00:02:27 paused
17/12/2021 00:02:27 Job "timer_tick (trigger: interval[0:00:05], next run at: 2021-12-17 00:02:32 MSK)" executed successfully
17/12/2021 00:02:32 Running job "timer_tick (trigger: interval[0:00:05], next run at: 2021-12-17 00:02:37 MSK)" (scheduled at 2021-12-17 00:02:32.551982+03:00)
17/12/2021 00:02:32 check_all
17/12/2021 00:02:32 paused
17/12/2021 00:02:32 Job "timer_tick (trigger: interval[0:00:05], next run at: 2021-12-17 00:02:37 MSK)" executed successfully
17/12/2021 00:03:00 Adding job tentatively -- it will be properly scheduled when the scheduler starts
17/12/2021 00:03:00 Added job "timer_tick" to job store "default"
17/12/2021 00:03:00 Scheduler started
17/12/2021 00:03:05 Running job "timer_tick (trigger: interval[0:00:05], next run at: 2021-12-17 00:03:05 MSK)" (scheduled at 2021-12-17 00:03:05.219588+03:00)
17/12/2021 00:03:05 check_all
17/12/2021 00:03:05 cannot probe
17/12/2021 00:03:05 error happened
17/12/2021 00:03:05 Job "timer_tick (trigger: interval[0:00:05], next run at: 2021-12-17 00:03:10 MSK)" executed successfully
17/12/2021 00:06:26 Adding job tentatively -- it will be properly scheduled when the scheduler starts
17/12/2021 00:06:26 Added job "timer_tick" to job store "default"
17/12/2021 00:06:26 Scheduler started
17/12/2021 00:06:31 Running job "timer_tick (trigger: interval[0:00:05], next run at: 2021-12-17 00:06:31 MSK)" (scheduled at 2021-12-17 00:06:31.035677+03:00)
17/12/2021 00:06:31 check_all
17/12/2021 00:06:31 cannot probe
17/12/2021 00:06:31 error happened
17/12/2021 00:06:31 Job "timer_tick (trigger: interval[0:00:05], next run at: 2021-12-17 00:06:36 MSK)" executed successfully
17/12/2021 00:06:36 Running job "timer_tick (trigger: interval[0:00:05], next run at: 2021-12-17 00:06:41 MSK)" (scheduled at 2021-12-17 00:06:36.035677+03:00)
17/12/2021 00:06:36 check_all
17/12/2021 00:06:36 paused
17/12/2021 00:06:36 Job "timer_tick (trigger: interval[0:00:05], next run at: 2021-12-17 00:06:41 MSK)" executed successfully
17/12/2021 00:13:30 Adding job tentatively -- it will be properly scheduled when the scheduler starts
17/12/2021 00:13:30 Added job "timer_tick" to job store "default"
17/12/2021 00:13:30 Scheduler started
17/12/2021 00:13:35 Running job "timer_tick (trigger: interval[0:00:05], next run at: 2021-12-17 00:13:35 MSK)" (scheduled at 2021-12-17 00:13:35.017036+03:00)
17/12/2021 00:13:35 check_all
17/12/2021 00:13:35 cannot probe
17/12/2021 00:13:35 error happened
17/12/2021 00:13:36 Job "timer_tick (trigger: interval[0:00:05], next run at: 2021-12-17 00:13:40 MSK)" executed successfully
17/12/2021 00:14:08 Adding job tentatively -- it will be properly scheduled when the scheduler starts
17/12/2021 00:14:08 Added job "timer_tick" to job store "default"
17/12/2021 00:14:08 Scheduler started
17/12/2021 00:14:13 Running job "timer_tick (trigger: interval[0:00:05], next run at: 2021-12-17 00:14:13 MSK)" (scheduled at 2021-12-17 00:14:13.267904+03:00)
17/12/2021 00:14:13 check_all
17/12/2021 00:14:13 cannot probe
17/12/2021 00:14:13 error happened
17/12/2021 00:14:13 Job "timer_tick (trigger: interval[0:00:05], next run at: 2021-12-17 00:14:18 MSK)" executed successfully
17/12/2021 00:17:33 Adding job tentatively -- it will be properly scheduled when the scheduler starts
17/12/2021 00:17:33 Added job "timer_tick" to job store "default"
17/12/2021 00:17:33 Scheduler started
17/12/2021 00:17:38 Running job "timer_tick (trigger: interval[0:00:05], next run at: 2021-12-17 00:17:38 MSK)" (scheduled at 2021-12-17 00:17:38.876972+03:00)
17/12/2021 00:17:38 check_all
17/12/2021 00:17:39 cannot parse probe
17/12/2021 00:17:39 error happened
17/12/2021 00:17:39 Job "timer_tick (trigger: interval[0:00:05], next run at: 2021-12-17 00:17:43 MSK)" executed successfully
17/12/2021 00:17:43 Running job "timer_tick (trigger: interval[0:00:05], next run at: 2021-12-17 00:17:48 MSK)" (scheduled at 2021-12-17 00:17:43.876972+03:00)
17/12/2021 00:17:43 check_all
17/12/2021 00:17:43 paused
17/12/2021 00:17:43 Job "timer_tick (trigger: interval[0:00:05], next run at: 2021-12-17 00:17:48 MSK)" executed successfully
17/12/2021 00:22:22 Adding job tentatively -- it will be properly scheduled when the scheduler starts
17/12/2021 00:22:22 Added job "timer_tick" to job store "default"
17/12/2021 00:22:22 Scheduler started
17/12/2021 00:22:27 Running job "timer_tick (trigger: interval[0:00:05], next run at: 2021-12-17 00:22:27 MSK)" (scheduled at 2021-12-17 00:22:27.615904+03:00)
17/12/2021 00:22:27 check_all
17/12/2021 00:22:27 checks passed
17/12/2021 00:22:27 Job "timer_tick (trigger: interval[0:00:05], next run at: 2021-12-17 00:22:32 MSK)" executed successfully
17/12/2021 00:22:32 Running job "timer_tick (trigger: interval[0:00:05], next run at: 2021-12-17 00:22:37 MSK)" (scheduled at 2021-12-17 00:22:32.615904+03:00)
17/12/2021 00:22:32 check_all
17/12/2021 00:22:32 checks passed
17/12/2021 00:22:32 Job "timer_tick (trigger: interval[0:00:05], next run at: 2021-12-17 00:22:37 MSK)" executed successfully
17/12/2021 00:22:40 Adding job tentatively -- it will be properly scheduled when the scheduler starts
17/12/2021 00:22:40 Added job "timer_tick" to job store "default"
17/12/2021 00:22:40 Scheduler started
17/12/2021 00:22:45 Running job "timer_tick (trigger: interval[0:00:05], next run at: 2021-12-17 00:22:45 MSK)" (scheduled at 2021-12-17 00:22:45.146919+03:00)
17/12/2021 00:22:45 check_all
17/12/2021 00:22:45 checks passed
17/12/2021 00:22:45 checks passed
17/12/2021 00:22:45 Job "timer_tick (trigger: interval[0:00:05], next run at: 2021-12-17 00:22:50 MSK)" executed successfully
17/12/2021 00:22:50 Running job "timer_tick (trigger: interval[0:00:05], next run at: 2021-12-17 00:22:55 MSK)" (scheduled at 2021-12-17 00:22:50.146919+03:00)
17/12/2021 00:22:50 check_all
17/12/2021 00:22:50 checks passed
17/12/2021 00:22:50 checks passed
17/12/2021 00:22:50 Job "timer_tick (trigger: interval[0:00:05], next run at: 2021-12-17 00:22:55 MSK)" executed successfully
17/12/2021 00:23:12 Adding job tentatively -- it will be properly scheduled when the scheduler starts
17/12/2021 00:23:12 Added job "timer_tick" to job store "default"
17/12/2021 00:23:12 Scheduler started
17/12/2021 00:23:17 Running job "timer_tick (trigger: interval[0:00:05], next run at: 2021-12-17 00:23:17 MSK)" (scheduled at 2021-12-17 00:23:17.471477+03:00)
17/12/2021 00:23:17 check_all
17/12/2021 00:23:17 foldwrap, digitalocean ok
17/12/2021 00:23:17 foldwrap, api ok
17/12/2021 00:23:17 Job "timer_tick (trigger: interval[0:00:05], next run at: 2021-12-17 00:23:22 MSK)" executed successfully
17/12/2021 00:23:22 Running job "timer_tick (trigger: interval[0:00:05], next run at: 2021-12-17 00:23:27 MSK)" (scheduled at 2021-12-17 00:23:22.471477+03:00)
17/12/2021 00:23:22 check_all
17/12/2021 00:23:22 foldwrap, digitalocean ok
17/12/2021 00:23:22 foldwrap, api ok
17/12/2021 00:23:22 Job "timer_tick (trigger: interval[0:00:05], next run at: 2021-12-17 00:23:27 MSK)" executed successfully
17/12/2021 00:23:27 Running job "timer_tick (trigger: interval[0:00:05], next run at: 2021-12-17 00:23:32 MSK)" (scheduled at 2021-12-17 00:23:27.471477+03:00)
17/12/2021 00:23:27 check_all
17/12/2021 00:23:27 cannot probe
17/12/2021 00:23:27 error happened
17/12/2021 00:23:28 Job "timer_tick (trigger: interval[0:00:05], next run at: 2021-12-17 00:23:32 MSK)" executed successfully
17/12/2021 00:23:32 Running job "timer_tick (trigger: interval[0:00:05], next run at: 2021-12-17 00:23:37 MSK)" (scheduled at 2021-12-17 00:23:32.471477+03:00)
17/12/2021 00:23:32 check_all
17/12/2021 00:23:32 paused
17/12/2021 00:23:32 Job "timer_tick (trigger: interval[0:00:05], next run at: 2021-12-17 00:23:37 MSK)" executed successfully
17/12/2021 00:24:00 Adding job tentatively -- it will be properly scheduled when the scheduler starts
17/12/2021 00:24:00 Added job "timer_tick" to job store "default"
17/12/2021 00:24:00 Scheduler started
17/12/2021 00:24:05 Running job "timer_tick (trigger: interval[0:00:05], next run at: 2021-12-17 00:24:05 MSK)" (scheduled at 2021-12-17 00:24:05.780317+03:00)
17/12/2021 00:24:05 check_all
17/12/2021 00:24:05 cannot probe
17/12/2021 00:24:05 error happened
17/12/2021 00:24:06 Job "timer_tick (trigger: interval[0:00:05], next run at: 2021-12-17 00:24:10 MSK)" executed successfully
17/12/2021 00:24:10 Running job "timer_tick (trigger: interval[0:00:05], next run at: 2021-12-17 00:24:15 MSK)" (scheduled at 2021-12-17 00:24:10.780317+03:00)
17/12/2021 00:24:10 check_all
17/12/2021 00:24:10 skip already failed probe for foldwrap, digitalocean
17/12/2021 00:24:10 foldwrap, api ok
17/12/2021 00:24:10 Job "timer_tick (trigger: interval[0:00:05], next run at: 2021-12-17 00:24:15 MSK)" executed successfully
17/12/2021 00:24:15 Running job "timer_tick (trigger: interval[0:00:05], next run at: 2021-12-17 00:24:20 MSK)" (scheduled at 2021-12-17 00:24:15.780317+03:00)
17/12/2021 00:24:15 check_all
17/12/2021 00:24:15 skip already failed probe for foldwrap, digitalocean
17/12/2021 00:24:15 foldwrap, api ok
17/12/2021 00:24:15 Job "timer_tick (trigger: interval[0:00:05], next run at: 2021-12-17 00:24:20 MSK)" executed successfully
17/12/2021 00:24:20 Running job "timer_tick (trigger: interval[0:00:05], next run at: 2021-12-17 00:24:25 MSK)" (scheduled at 2021-12-17 00:24:20.780317+03:00)
17/12/2021 00:24:20 check_all
17/12/2021 00:24:20 skip already failed probe for foldwrap, digitalocean
17/12/2021 00:24:20 foldwrap, api ok
17/12/2021 00:24:20 Job "timer_tick (trigger: interval[0:00:05], next run at: 2021-12-17 00:24:25 MSK)" executed successfully
